<?xml version="1.0" encoding="UTF-8"?>
<!-- Generated by org.testng.reporters.JUnitReportReporter -->
<testsuite skipped="0" hostname="ryanw2-5810" name="shop_tool_regression_qa.Konami_shop_tool_STAGE_reg" tests="12" failures="0" timestamp="05 Mar 2019 15:39:47 GMT" time="36.137" errors="0">
  <testcase name="verify_message" time="0.018" classname="shop_tool_regression_qa.Konami_shop_tool_STAGE_reg"/>
  <testcase name="verify_field_present" time="0.437" classname="shop_tool_regression_qa.Konami_shop_tool_STAGE_reg"/>
  <testcase name="tests_field_values" time="7.194" classname="shop_tool_regression_qa.Konami_shop_tool_STAGE_reg"/>
  <testcase name="testing_event_start_time" time="4.398" classname="shop_tool_regression_qa.Konami_shop_tool_STAGE_reg"/>
  <testcase name="testing_Event_End_time" time="4.346" classname="shop_tool_regression_qa.Konami_shop_tool_STAGE_reg"/>
  <testcase name="checking_Platform" time="1.257" classname="shop_tool_regression_qa.Konami_shop_tool_STAGE_reg"/>
  <testcase name="testing_Theme_Start_time" time="2.993" classname="shop_tool_regression_qa.Konami_shop_tool_STAGE_reg"/>
  <testcase name="testing_Theme_End_time" time="2.979" classname="shop_tool_regression_qa.Konami_shop_tool_STAGE_reg"/>
  <testcase name="newEventThemecreate" time="4.405" classname="shop_tool_regression_qa.Konami_shop_tool_STAGE_reg"/>
  <testcase name="Shops_edit" time="2.762" classname="shop_tool_regression_qa.Konami_shop_tool_STAGE_reg"/>
  <testcase name="editing_Shop_Platform" time="3.241" classname="shop_tool_regression_qa.Konami_shop_tool_STAGE_reg"/>
  <testcase name="Saving_Edited_Event" time="2.107" classname="shop_tool_regression_qa.Konami_shop_tool_STAGE_reg"/>
</testsuite> <!-- shop_tool_regression_qa.Konami_shop_tool_STAGE_reg -->
