<?xml version="1.0" encoding="UTF-8"?>
<!-- Generated by org.testng.reporters.JUnitReportReporter -->
<testsuite skipped="0" hostname="ryanw2-5810" name="shop_tool_regression_qa.Konami_shop_tool_PROD_reg" tests="13" failures="0" timestamp="05 Mar 2019 22:57:48 GMT" time="36.141" errors="0">
  <testcase name="verify_message" time="0.018" classname="shop_tool_regression_qa.Konami_shop_tool_PROD_reg"/>
  <testcase name="verify_field_present" time="0.436" classname="shop_tool_regression_qa.Konami_shop_tool_PROD_reg"/>
  <testcase name="tests_field_values" time="7.174" classname="shop_tool_regression_qa.Konami_shop_tool_PROD_reg"/>
  <testcase name="testing_event_start_time" time="4.393" classname="shop_tool_regression_qa.Konami_shop_tool_PROD_reg"/>
  <testcase name="testing_Event_End_time" time="4.342" classname="shop_tool_regression_qa.Konami_shop_tool_PROD_reg"/>
  <testcase name="checking_Platform" time="1.247" classname="shop_tool_regression_qa.Konami_shop_tool_PROD_reg"/>
  <testcase name="testing_Theme_Start_time" time="2.995" classname="shop_tool_regression_qa.Konami_shop_tool_PROD_reg"/>
  <testcase name="testing_Theme_End_time" time="2.967" classname="shop_tool_regression_qa.Konami_shop_tool_PROD_reg"/>
  <testcase name="newEventThemecreate" time="4.365" classname="shop_tool_regression_qa.Konami_shop_tool_PROD_reg"/>
  <testcase name="Shops_edit" time="2.774" classname="shop_tool_regression_qa.Konami_shop_tool_PROD_reg"/>
  <testcase name="editing_Shop_Platform" time="3.245" classname="shop_tool_regression_qa.Konami_shop_tool_PROD_reg"/>
  <testcase name="Saving_Edited_Event" time="2.108" classname="shop_tool_regression_qa.Konami_shop_tool_PROD_reg"/>
  <testcase name="dlConfig" time="0.077" classname="shop_tool_regression_qa.Konami_shop_tool_PROD_reg"/>
</testsuite> <!-- shop_tool_regression_qa.Konami_shop_tool_PROD_reg -->
