<?xml version="1.0" encoding="UTF-8"?>
<!-- Generated by org.testng.reporters.JUnitReportReporter -->
<testsuite skipped="0" hostname="ryanw2-5810" name="shop_tool_DELETE.shop_tool_regression" tests="1" failures="0" timestamp="26 Feb 2019 21:53:45 GMT" time="3.293" errors="0">
  <testcase name="CheckInputFields" time="3.293" classname="shop_tool_DELETE.shop_tool_regression"/>
</testsuite> <!-- shop_tool_DELETE.shop_tool_regression -->
