<?xml version="1.0" encoding="UTF-8"?>
<!-- Generated by org.testng.reporters.JUnitReportReporter -->
<testsuite skipped="0" hostname="ryanw2-5810" name="shop_tool_regression_Stage.Konami_shop_tool_regression" tests="12" failures="0" timestamp="04 Mar 2019 23:19:24 GMT" time="37.443" errors="0">
  <testcase name="verify_message" time="0.023" classname="shop_tool_regression_Stage.Konami_shop_tool_regression"/>
  <testcase name="verify_field_present" time="0.538" classname="shop_tool_regression_Stage.Konami_shop_tool_regression"/>
  <testcase name="tests_field_values" time="7.339" classname="shop_tool_regression_Stage.Konami_shop_tool_regression"/>
  <testcase name="testing_event_start_time" time="4.675" classname="shop_tool_regression_Stage.Konami_shop_tool_regression"/>
  <testcase name="testing_Event_End_time" time="4.521" classname="shop_tool_regression_Stage.Konami_shop_tool_regression"/>
  <testcase name="checking_Platform" time="1.318" classname="shop_tool_regression_Stage.Konami_shop_tool_regression"/>
  <testcase name="testing_Theme_Start_time" time="3.056" classname="shop_tool_regression_Stage.Konami_shop_tool_regression"/>
  <testcase name="testing_Theme_End_time" time="3.077" classname="shop_tool_regression_Stage.Konami_shop_tool_regression"/>
  <testcase name="newEventThemecreate" time="4.529" classname="shop_tool_regression_Stage.Konami_shop_tool_regression"/>
  <testcase name="Shops_edit" time="2.863" classname="shop_tool_regression_Stage.Konami_shop_tool_regression"/>
  <testcase name="editing_Shop_Platform" time="3.374" classname="shop_tool_regression_Stage.Konami_shop_tool_regression"/>
  <testcase name="Saving_Edited_Event" time="2.130" classname="shop_tool_regression_Stage.Konami_shop_tool_regression"/>
</testsuite> <!-- shop_tool_regression_Stage.Konami_shop_tool_regression -->
