<?xml version="1.0" encoding="UTF-8"?>
<!-- Generated by org.testng.reporters.JUnitReportReporter -->
<testsuite skipped="0" hostname="ryanw2-5810" name="shop_tool_regression_qa.Konami_shop_tool_regression" tests="8" failures="0" timestamp="02 Mar 2019 04:49:53 GMT" time="25.240" errors="0">
  <testcase name="verify_message" time="0.017" classname="shop_tool_regression_qa.Konami_shop_tool_regression"/>
  <testcase name="verify_field_present" time="0.445" classname="shop_tool_regression_qa.Konami_shop_tool_regression"/>
  <testcase name="tests_field_values" time="7.261" classname="shop_tool_regression_qa.Konami_shop_tool_regression"/>
  <testcase name="testing_event_start_time" time="4.551" classname="shop_tool_regression_qa.Konami_shop_tool_regression"/>
  <testcase name="testing_Event_End_time" time="4.362" classname="shop_tool_regression_qa.Konami_shop_tool_regression"/>
  <testcase name="checking_Platform" time="1.292" classname="shop_tool_regression_qa.Konami_shop_tool_regression"/>
  <testcase name="testing_Theme_Start_time" time="4.303" classname="shop_tool_regression_qa.Konami_shop_tool_regression"/>
  <testcase name="testing_Theme_End_time" time="3.009" classname="shop_tool_regression_qa.Konami_shop_tool_regression"/>
</testsuite> <!-- shop_tool_regression_qa.Konami_shop_tool_regression -->
