<?xml version="1.0" encoding="UTF-8"?>
<!-- Generated by org.testng.reporters.JUnitReportReporter -->
<testsuite skipped="0" hostname="ryanw2-5810" name="shop_tool_regression_qa.Konami_shop_tool_regression" tests="7" failures="0" timestamp="01 Mar 2019 22:36:04 GMT" time="25.048" errors="0">
  <testcase name="verify_field_present" time="0.475" classname="shop_tool_regression_qa.Konami_shop_tool_regression"/>
  <testcase name="tests_field_values" time="7.239" classname="shop_tool_regression_qa.Konami_shop_tool_regression"/>
  <testcase name="testing_event_start_time" time="4.476" classname="shop_tool_regression_qa.Konami_shop_tool_regression"/>
  <testcase name="testing_Theme_Start_time" time="4.256" classname="shop_tool_regression_qa.Konami_shop_tool_regression"/>
  <testcase name="testing_event_end_time" time="4.330" classname="shop_tool_regression_qa.Konami_shop_tool_regression"/>
  <testcase name="testing_Theme_End_time" time="3.014" classname="shop_tool_regression_qa.Konami_shop_tool_regression"/>
  <testcase name="checking_Platform" time="1.258" classname="shop_tool_regression_qa.Konami_shop_tool_regression"/>
</testsuite> <!-- shop_tool_regression_qa.Konami_shop_tool_regression -->
