<?xml version="1.0" encoding="UTF-8"?>
<!-- Generated by org.testng.reporters.JUnitReportReporter -->
<testsuite skipped="0" hostname="ryanw2-5810" name="shop_tool_regression_qa.Konami_shop_tool_regression" tests="1" failures="0" timestamp="05 Mar 2019 03:29:56 GMT" time="0.017" errors="0">
  <testcase name="verify_message" time="0.017" classname="shop_tool_regression_qa.Konami_shop_tool_regression"/>
</testsuite> <!-- shop_tool_regression_qa.Konami_shop_tool_regression -->
