<?xml version="1.0" encoding="UTF-8"?>
<!-- Generated by org.testng.reporters.JUnitReportReporter -->
<testsuite skipped="0" hostname="ryanw2-5810" name="shop_tool_regression_qa.Konami_shop_tool_regression" tests="1" failures="0" timestamp="03 Mar 2019 06:36:35 GMT" time="0.019" errors="0">
  <testcase name="verify_message" time="0.019" classname="shop_tool_regression_qa.Konami_shop_tool_regression"/>
</testsuite> <!-- shop_tool_regression_qa.Konami_shop_tool_regression -->
